Arguments: 
  C:\Program Files\nodejs\node.exe C:\Program Files (x86)\Yarn\bin\yarn.js add tableExport.jquery.plugin

PATH: 
  C:\tools\cmder\bin;C:\Python37\Scripts\;C:\Python37\;C:\Python27\;C:\Python27\Scripts;C:\Python36\Scripts\;C:\Python36\;C:\Windows\system32;C:\Windows;C:\Windows\System32\Wbem;C:\Windows\System32\WindowsPowerShell\v1.0\;C:\ProgramData\chocolatey\bin;C:\Program Files\Java\jdk1.8.0_121\bin;C:\TDM-GCC-64\bin;C:\Program Files\MongoDB\Server\3.2\bin;C:\Program Files\Microsoft SQL Server\130\Tools\Binn\;C:\Program Files\dotnet\;C:\Program Files\Java\jdk1.8.0_131\bin;C:\Program Files\PuTTY\;C:\Program Files\Java\jdk1.8.0_141\bin;C:\Program Files\Java\jdk1.8.0_144\bin;C:\Program Files\Calibre2\;C:\Program Files (x86)\Google\Cloud SDK\google-cloud-sdk\bin;C:\Program Files (x86)\NVIDIA Corporation\PhysX\Common;C:\WINDOWS\system32;C:\WINDOWS;C:\WINDOWS\System32\Wbem;C:\WINDOWS\System32\WindowsPowerShell\v1.0\;C:\Program Files\Java\jdk1.8.0_152\bin;C:\WINDOWS\System32\OpenSSH\;C:\Program Files (x86)\Java\jdk1.8.0_162\bin;C:\Program Files\PowerShell\6.0.0\;C:\Program Files (x86)\Java\jdk1.8.0_172\bin;C:\Program Files (x86)\WinSCP\;C:\Program Files (x86)\Java\jdk1.8.0_181\bin;C:\tools\go\bin;C:\HashiCorp\Vagrant\bin;C:\Program Files\nodejs\;C:\Program Files\Git\cmd;C:\Program Files\Microsoft VS Code\bin;C:\Program Files (x86)\Yarn\bin\;C:\Users\adl\AppData\Local\Microsoft\WindowsApps;C:\Program Files\Oracle\VirtualBox;C:\tools\mysql\current\bin;C:\Program Files\Microsoft VS Code\bin;C:\tools\kubernetes-cli\bin;C:\Users\adl\AppData\Local\GitHubDesktop\bin;C:\tools\cmder;C:\Users\adl\Documents\Go\bin;C:\Users\adl\AppData\Roaming\npm;C:\Users\adl\AppData\Local\Microsoft\WindowsApps;C:\Users\adl\AppData\Local\Yarn\bin;C:\Program Files\Git\usr\bin;C:\Program Files\Git\usr\share\vim\vim74;C:\tools\cmder\

Yarn version: 
  1.10.1

Node version: 
  10.11.0

Platform: 
  win32 x64

Trace: 
  Error: https://registry.yarnpkg.com/tableExport.jquery.plugin: Not found
      at Request.params.callback [as _callback] (C:\Program Files (x86)\Yarn\lib\cli.js:60182:18)
      at Request.self.callback (C:\Program Files (x86)\Yarn\lib\cli.js:120166:22)
      at Request.emit (events.js:182:13)
      at Request.<anonymous> (C:\Program Files (x86)\Yarn\lib\cli.js:121138:10)
      at Request.emit (events.js:182:13)
      at IncomingMessage.<anonymous> (C:\Program Files (x86)\Yarn\lib\cli.js:121060:12)
      at Object.onceWrapper (events.js:273:13)
      at IncomingMessage.emit (events.js:187:15)
      at endReadableNT (_stream_readable.js:1092:12)
      at process._tickCallback (internal/process/next_tick.js:63:19)

npm manifest: 
  {
    "name": "MFC_LogWork",
    "version": "1.0.0",
    "main": "index.js",
    "repository": "https://github.com/avhimkov/GoWebApp.git",
    "author": "Dmitry <avhimkov@mail.ru>",
    "license": "MIT",
    "dependencies": {
      "bootstrap": "4.1.0",
      "bootstrap-datepicker": "1.8.0",
      "bootstrap-editable": "^1.0.1",
      "bootstrap-table": "1.12.1",
      "jquery": "3.3.1",
      "jquery.maskedinput": "1.4.1",
      "popper.js": "1.14.0",
      "x-editable": "1.5.1"
    }
  }

yarn manifest: 
  No manifest

Lockfile: 
  # THIS IS AN AUTOGENERATED FILE. DO NOT EDIT THIS FILE DIRECTLY.
  # yarn lockfile v1
  
  
  bootstrap-datepicker@1.8.0:
    version "1.8.0"
    resolved "https://registry.yarnpkg.com/bootstrap-datepicker/-/bootstrap-datepicker-1.8.0.tgz#c63513931e6f09f16ae9f11b62f32d950df3958e"
    integrity sha512-213St/G8KT3mjs4qu4qwww74KWysMaIeqgq5OhrboZjIjemIpyuxlSo9FNNI5+KzpkkxkRRba+oewiRGV42B1A==
    dependencies:
      jquery ">=1.7.1 <4.0.0"
  
  bootstrap-editable@^1.0.1:
    version "1.0.1"
    resolved "https://registry.yarnpkg.com/bootstrap-editable/-/bootstrap-editable-1.0.1.tgz#445a671b5ab5fed77e8c7f4e5ffbc796c60b5023"
    integrity sha1-RFpnG1q1/td+jH9OX/vHlsYLUCM=
  
  bootstrap-table@1.12.1:
    version "1.12.1"
    resolved "https://registry.yarnpkg.com/bootstrap-table/-/bootstrap-table-1.12.1.tgz#c9c3973067842a937c05d8639ecccb02abd6ba65"
    integrity sha1-ycOXMGeEKpN8BdhjnszLAqvWumU=
  
  bootstrap@4.1.0:
    version "4.1.0"
    resolved "https://registry.yarnpkg.com/bootstrap/-/bootstrap-4.1.0.tgz#110b05c31a236d56dbc9adcda6dd16f53738a28a"
    integrity sha512-kCo82nE8qYVfOa/Z3hL98CPgPIEkh6iPdiJrUJMQ9n9r0+6PEET7cmhLlV0XVYmEj5QtKIOaSGMLxy5jSFhKog==
  
  jquery.maskedinput@1.4.1:
    version "1.4.1"
    resolved "https://registry.yarnpkg.com/jquery.maskedinput/-/jquery.maskedinput-1.4.1.tgz#3ea8f4cdc4eafce7354c27b66a73d0f44defc327"
    integrity sha1-Pqj0zcTq/Oc1TCe2anPQ9E3vwyc=
  
  jquery@3.3.1, "jquery@>=1.7.1 <4.0.0":
    version "3.3.1"
    resolved "https://registry.yarnpkg.com/jquery/-/jquery-3.3.1.tgz#958ce29e81c9790f31be7792df5d4d95fc57fbca"
    integrity sha512-Ubldcmxp5np52/ENotGxlLe6aGMvmF4R8S6tZjsP6Knsaxd/xp3Zrh50cG93lR6nPXyUFwzN3ZSOQI0wRJNdGg==
  
  popper.js@1.14.0:
    version "1.14.0"
    resolved "https://registry.yarnpkg.com/popper.js/-/popper.js-1.14.0.tgz#3d73132100c83bfdc5fabb4769be925f57e59dc2"
    integrity sha1-PXMTIQDIO/3F+rtHab6SX1flncI=
  
  x-editable@1.5.1:
    version "1.5.1"
    resolved "https://registry.yarnpkg.com/x-editable/-/x-editable-1.5.1.tgz#2edbb8911ef2c5d61f63f06b0cf020be0fcc5849"
    integrity sha1-Ltu4kR7yxdYfY/BrDPAgvg/MWEk=
